The system is: Linux - 3.10.0-1062.4.3.el7.x86_64 - x86_64
Compiling the C compiler identification source file "CMakeCCompilerId.c" succeeded.
Compiler: /class/cs426/GCC/bin/gcc 
Build flags: 
Id flags: 

The output was:
0


Compilation of the C compiler identification source "CMakeCCompilerId.c" produced "a.out"

The C compiler identification is GNU, found in "/home/wentaoy2/Downloads/mp4(1)/mp4/src/CMakeFiles/2.8.12.2/CompilerIdC/a.out"

Compiling the CXX compiler identification source file "CMakeCXXCompilerId.cpp" succeeded.
Compiler: /class/cs426/GCC/bin/g++ 
Build flags: 
Id flags: 

The output was:
0


Compilation of the CXX compiler identification source "CMakeCXXCompilerId.cpp" produced "a.out"

The CXX compiler identification is GNU, found in "/home/wentaoy2/Downloads/mp4(1)/mp4/src/CMakeFiles/2.8.12.2/CompilerIdCXX/a.out"

Determining if the C compiler works passed with the following output:
Change Dir: /home/wentaoy2/Downloads/mp4(1)/mp4/src/CMakeFiles/CMakeTmp

Run Build Command:/usr/bin/gmake "cmTryCompileExec1508471127/fast"
/usr/bin/gmake -f CMakeFiles/cmTryCompileExec1508471127.dir/build.make CMakeFiles/cmTryCompileExec1508471127.dir/build
gmake[1]: Entering directory `/home/wentaoy2/Downloads/mp4(1)/mp4/src/CMakeFiles/CMakeTmp'
/usr/bin/cmake -E cmake_progress_report "/home/wentaoy2/Downloads/mp4(1)/mp4/src/CMakeFiles/CMakeTmp/CMakeFiles" 1
Building C object CMakeFiles/cmTryCompileExec1508471127.dir/testCCompiler.c.o
/class/cs426/GCC/bin/gcc    -o CMakeFiles/cmTryCompileExec1508471127.dir/testCCompiler.c.o   -c "/home/wentaoy2/Downloads/mp4(1)/mp4/src/CMakeFiles/CMakeTmp/testCCompiler.c"
Linking C executable cmTryCompileExec1508471127
/usr/bin/cmake -E cmake_link_script CMakeFiles/cmTryCompileExec1508471127.dir/link.txt --verbose=1
/class/cs426/GCC/bin/gcc       CMakeFiles/cmTryCompileExec1508471127.dir/testCCompiler.c.o  -o cmTryCompileExec1508471127 -rdynamic 
gmake[1]: Leaving directory `/home/wentaoy2/Downloads/mp4(1)/mp4/src/CMakeFiles/CMakeTmp'


Detecting C compiler ABI info compiled with the following output:
Change Dir: /home/wentaoy2/Downloads/mp4(1)/mp4/src/CMakeFiles/CMakeTmp

Run Build Command:/usr/bin/gmake "cmTryCompileExec1100541870/fast"
/usr/bin/gmake -f CMakeFiles/cmTryCompileExec1100541870.dir/build.make CMakeFiles/cmTryCompileExec1100541870.dir/build
gmake[1]: Entering directory `/home/wentaoy2/Downloads/mp4(1)/mp4/src/CMakeFiles/CMakeTmp'
/usr/bin/cmake -E cmake_progress_report "/home/wentaoy2/Downloads/mp4(1)/mp4/src/CMakeFiles/CMakeTmp/CMakeFiles" 1
Building C object CMakeFiles/cmTryCompileExec1100541870.dir/CMakeCCompilerABI.c.o
/class/cs426/GCC/bin/gcc    -o CMakeFiles/cmTryCompileExec1100541870.dir/CMakeCCompilerABI.c.o   -c /usr/share/cmake/Modules/CMakeCCompilerABI.c
Linking C executable cmTryCompileExec1100541870
/usr/bin/cmake -E cmake_link_script CMakeFiles/cmTryCompileExec1100541870.dir/link.txt --verbose=1
/class/cs426/GCC/bin/gcc     -v CMakeFiles/cmTryCompileExec1100541870.dir/CMakeCCompilerABI.c.o  -o cmTryCompileExec1100541870 -rdynamic  
Using built-in specs.
COLLECT_GCC=/class/cs426/GCC/bin/gcc
COLLECT_LTO_WRAPPER=/class/cs426/GCC/libexec/gcc/x86_64-unknown-linux-gnu/5.1.0/lto-wrapper
Target: x86_64-unknown-linux-gnu
Configured with: /home/vadve/cs426/GCC/gcc-5.1.0-build/../gcc-5.1.0/configure --prefix=/class/cs426/GCC --enable-languages=c,c++
Thread model: posix
gcc version 5.1.0 (GCC) 
COMPILER_PATH=/class/cs426/GCC/libexec/gcc/x86_64-unknown-linux-gnu/5.1.0/:/class/cs426/GCC/libexec/gcc/x86_64-unknown-linux-gnu/5.1.0/:/class/cs426/GCC/libexec/gcc/x86_64-unknown-linux-gnu/:/class/cs426/GCC/lib/gcc/x86_64-unknown-linux-gnu/5.1.0/:/class/cs426/GCC/lib/gcc/x86_64-unknown-linux-gnu/
LIBRARY_PATH=/class/cs426/GCC/lib/gcc/x86_64-unknown-linux-gnu/5.1.0/:/class/cs426/GCC/lib/gcc/x86_64-unknown-linux-gnu/5.1.0/../../../../lib64/:/lib/../lib64/:/usr/lib/../lib64/:/class/cs426/GCC/lib/gcc/x86_64-unknown-linux-gnu/5.1.0/../../../:/lib/:/usr/lib/
COLLECT_GCC_OPTIONS='-v' '-o' 'cmTryCompileExec1100541870' '-rdynamic' '-mtune=generic' '-march=x86-64'
 /class/cs426/GCC/libexec/gcc/x86_64-unknown-linux-gnu/5.1.0/collect2 -plugin /class/cs426/GCC/libexec/gcc/x86_64-unknown-linux-gnu/5.1.0/liblto_plugin.so -plugin-opt=/class/cs426/GCC/libexec/gcc/x86_64-unknown-linux-gnu/5.1.0/lto-wrapper -plugin-opt=-fresolution=/tmp/cc5KONXv.res -plugin-opt=-pass-through=-lgcc -plugin-opt=-pass-through=-lgcc_s -plugin-opt=-pass-through=-lc -plugin-opt=-pass-through=-lgcc -plugin-opt=-pass-through=-lgcc_s --eh-frame-hdr -m elf_x86_64 -export-dynamic -dynamic-linker /lib64/ld-linux-x86-64.so.2 -o cmTryCompileExec1100541870 /lib/../lib64/crt1.o /lib/../lib64/crti.o /class/cs426/GCC/lib/gcc/x86_64-unknown-linux-gnu/5.1.0/crtbegin.o -L/class/cs426/GCC/lib/gcc/x86_64-unknown-linux-gnu/5.1.0 -L/class/cs426/GCC/lib/gcc/x86_64-unknown-linux-gnu/5.1.0/../../../../lib64 -L/lib/../lib64 -L/usr/lib/../lib64 -L/class/cs426/GCC/lib/gcc/x86_64-unknown-linux-gnu/5.1.0/../../.. CMakeFiles/cmTryCompileExec1100541870.dir/CMakeCCompilerABI.c.o -lgcc --as-needed -lgcc_s --no-as-needed -lc -lgcc --as-needed -lgcc_s --no-as-needed /class/cs426/GCC/lib/gcc/x86_64-unknown-linux-gnu/5.1.0/crtend.o /lib/../lib64/crtn.o
gmake[1]: Leaving directory `/home/wentaoy2/Downloads/mp4(1)/mp4/src/CMakeFiles/CMakeTmp'


Parsed C implicit link information from above output:
  link line regex: [^( *|.*[/\])(ld|([^/\]+-)?ld|collect2)[^/\]*( |$)]
  ignore line: [Change Dir: /home/wentaoy2/Downloads/mp4(1)/mp4/src/CMakeFiles/CMakeTmp]
  ignore line: []
  ignore line: [Run Build Command:/usr/bin/gmake "cmTryCompileExec1100541870/fast"]
  ignore line: [/usr/bin/gmake -f CMakeFiles/cmTryCompileExec1100541870.dir/build.make CMakeFiles/cmTryCompileExec1100541870.dir/build]
  ignore line: [gmake[1]: Entering directory `/home/wentaoy2/Downloads/mp4(1)/mp4/src/CMakeFiles/CMakeTmp']
  ignore line: [/usr/bin/cmake -E cmake_progress_report "/home/wentaoy2/Downloads/mp4(1)/mp4/src/CMakeFiles/CMakeTmp/CMakeFiles" 1]
  ignore line: [Building C object CMakeFiles/cmTryCompileExec1100541870.dir/CMakeCCompilerABI.c.o]
  ignore line: [/class/cs426/GCC/bin/gcc    -o CMakeFiles/cmTryCompileExec1100541870.dir/CMakeCCompilerABI.c.o   -c /usr/share/cmake/Modules/CMakeCCompilerABI.c]
  ignore line: [Linking C executable cmTryCompileExec1100541870]
  ignore line: [/usr/bin/cmake -E cmake_link_script CMakeFiles/cmTryCompileExec1100541870.dir/link.txt --verbose=1]
  ignore line: [/class/cs426/GCC/bin/gcc     -v CMakeFiles/cmTryCompileExec1100541870.dir/CMakeCCompilerABI.c.o  -o cmTryCompileExec1100541870 -rdynamic  ]
  ignore line: [Using built-in specs.]
  ignore line: [COLLECT_GCC=/class/cs426/GCC/bin/gcc]
  ignore line: [COLLECT_LTO_WRAPPER=/class/cs426/GCC/libexec/gcc/x86_64-unknown-linux-gnu/5.1.0/lto-wrapper]
  ignore line: [Target: x86_64-unknown-linux-gnu]
  ignore line: [Configured with: /home/vadve/cs426/GCC/gcc-5.1.0-build/../gcc-5.1.0/configure --prefix=/class/cs426/GCC --enable-languages=c,c++]
  ignore line: [Thread model: posix]
  ignore line: [gcc version 5.1.0 (GCC) ]
  ignore line: [COMPILER_PATH=/class/cs426/GCC/libexec/gcc/x86_64-unknown-linux-gnu/5.1.0/:/class/cs426/GCC/libexec/gcc/x86_64-unknown-linux-gnu/5.1.0/:/class/cs426/GCC/libexec/gcc/x86_64-unknown-linux-gnu/:/class/cs426/GCC/lib/gcc/x86_64-unknown-linux-gnu/5.1.0/:/class/cs426/GCC/lib/gcc/x86_64-unknown-linux-gnu/]
  ignore line: [LIBRARY_PATH=/class/cs426/GCC/lib/gcc/x86_64-unknown-linux-gnu/5.1.0/:/class/cs426/GCC/lib/gcc/x86_64-unknown-linux-gnu/5.1.0/../../../../lib64/:/lib/../lib64/:/usr/lib/../lib64/:/class/cs426/GCC/lib/gcc/x86_64-unknown-linux-gnu/5.1.0/../../../:/lib/:/usr/lib/]
  ignore line: [COLLECT_GCC_OPTIONS='-v' '-o' 'cmTryCompileExec1100541870' '-rdynamic' '-mtune=generic' '-march=x86-64']
  link line: [ /class/cs426/GCC/libexec/gcc/x86_64-unknown-linux-gnu/5.1.0/collect2 -plugin /class/cs426/GCC/libexec/gcc/x86_64-unknown-linux-gnu/5.1.0/liblto_plugin.so -plugin-opt=/class/cs426/GCC/libexec/gcc/x86_64-unknown-linux-gnu/5.1.0/lto-wrapper -plugin-opt=-fresolution=/tmp/cc5KONXv.res -plugin-opt=-pass-through=-lgcc -plugin-opt=-pass-through=-lgcc_s -plugin-opt=-pass-through=-lc -plugin-opt=-pass-through=-lgcc -plugin-opt=-pass-through=-lgcc_s --eh-frame-hdr -m elf_x86_64 -export-dynamic -dynamic-linker /lib64/ld-linux-x86-64.so.2 -o cmTryCompileExec1100541870 /lib/../lib64/crt1.o /lib/../lib64/crti.o /class/cs426/GCC/lib/gcc/x86_64-unknown-linux-gnu/5.1.0/crtbegin.o -L/class/cs426/GCC/lib/gcc/x86_64-unknown-linux-gnu/5.1.0 -L/class/cs426/GCC/lib/gcc/x86_64-unknown-linux-gnu/5.1.0/../../../../lib64 -L/lib/../lib64 -L/usr/lib/../lib64 -L/class/cs426/GCC/lib/gcc/x86_64-unknown-linux-gnu/5.1.0/../../.. CMakeFiles/cmTryCompileExec1100541870.dir/CMakeCCompilerABI.c.o -lgcc --as-needed -lgcc_s --no-as-needed -lc -lgcc --as-needed -lgcc_s --no-as-needed /class/cs426/GCC/lib/gcc/x86_64-unknown-linux-gnu/5.1.0/crtend.o /lib/../lib64/crtn.o]
    arg [/class/cs426/GCC/libexec/gcc/x86_64-unknown-linux-gnu/5.1.0/collect2] ==> ignore
    arg [-plugin] ==> ignore
    arg [/class/cs426/GCC/libexec/gcc/x86_64-unknown-linux-gnu/5.1.0/liblto_plugin.so] ==> ignore
    arg [-plugin-opt=/class/cs426/GCC/libexec/gcc/x86_64-unknown-linux-gnu/5.1.0/lto-wrapper] ==> ignore
    arg [-plugin-opt=-fresolution=/tmp/cc5KONXv.res] ==> ignore
    arg [-plugin-opt=-pass-through=-lgcc] ==> ignore
    arg [-plugin-opt=-pass-through=-lgcc_s] ==> ignore
    arg [-plugin-opt=-pass-through=-lc] ==> ignore
    arg [-plugin-opt=-pass-through=-lgcc] ==> ignore
    arg [-plugin-opt=-pass-through=-lgcc_s] ==> ignore
    arg [--eh-frame-hdr] ==> ignore
    arg [-m] ==> ignore
    arg [elf_x86_64] ==> ignore
    arg [-export-dynamic] ==> ignore
    arg [-dynamic-linker] ==> ignore
    arg [/lib64/ld-linux-x86-64.so.2] ==> ignore
    arg [-o] ==> ignore
    arg [cmTryCompileExec1100541870] ==> ignore
    arg [/lib/../lib64/crt1.o] ==> ignore
    arg [/lib/../lib64/crti.o] ==> ignore
    arg [/class/cs426/GCC/lib/gcc/x86_64-unknown-linux-gnu/5.1.0/crtbegin.o] ==> ignore
    arg [-L/class/cs426/GCC/lib/gcc/x86_64-unknown-linux-gnu/5.1.0] ==> dir [/class/cs426/GCC/lib/gcc/x86_64-unknown-linux-gnu/5.1.0]
    arg [-L/class/cs426/GCC/lib/gcc/x86_64-unknown-linux-gnu/5.1.0/../../../../lib64] ==> dir [/class/cs426/GCC/lib/gcc/x86_64-unknown-linux-gnu/5.1.0/../../../../lib64]
    arg [-L/lib/../lib64] ==> dir [/lib/../lib64]
    arg [-L/usr/lib/../lib64] ==> dir [/usr/lib/../lib64]
    arg [-L/class/cs426/GCC/lib/gcc/x86_64-unknown-linux-gnu/5.1.0/../../..] ==> dir [/class/cs426/GCC/lib/gcc/x86_64-unknown-linux-gnu/5.1.0/../../..]
    arg [CMakeFiles/cmTryCompileExec1100541870.dir/CMakeCCompilerABI.c.o] ==> ignore
    arg [-lgcc] ==> lib [gcc]
    arg [--as-needed] ==> ignore
    arg [-lgcc_s] ==> lib [gcc_s]
    arg [--no-as-needed] ==> ignore
    arg [-lc] ==> lib [c]
    arg [-lgcc] ==> lib [gcc]
    arg [--as-needed] ==> ignore
    arg [-lgcc_s] ==> lib [gcc_s]
    arg [--no-as-needed] ==> ignore
    arg [/class/cs426/GCC/lib/gcc/x86_64-unknown-linux-gnu/5.1.0/crtend.o] ==> ignore
    arg [/lib/../lib64/crtn.o] ==> ignore
  remove lib [gcc]
  remove lib [gcc_s]
  remove lib [gcc]
  remove lib [gcc_s]
  collapse library dir [/class/cs426/GCC/lib/gcc/x86_64-unknown-linux-gnu/5.1.0] ==> [/class/cs426/GCC/lib/gcc/x86_64-unknown-linux-gnu/5.1.0]
  collapse library dir [/class/cs426/GCC/lib/gcc/x86_64-unknown-linux-gnu/5.1.0/../../../../lib64] ==> [/class/cs426/GCC/lib64]
  collapse library dir [/lib/../lib64] ==> [/lib64]
  collapse library dir [/usr/lib/../lib64] ==> [/usr/lib64]
  collapse library dir [/class/cs426/GCC/lib/gcc/x86_64-unknown-linux-gnu/5.1.0/../../..] ==> [/class/cs426/GCC/lib]
  implicit libs: [c]
  implicit dirs: [/class/cs426/GCC/lib/gcc/x86_64-unknown-linux-gnu/5.1.0;/class/cs426/GCC/lib64;/lib64;/usr/lib64;/class/cs426/GCC/lib]
  implicit fwks: []


Determining if the CXX compiler works passed with the following output:
Change Dir: /home/wentaoy2/Downloads/mp4(1)/mp4/src/CMakeFiles/CMakeTmp

Run Build Command:/usr/bin/gmake "cmTryCompileExec3217187783/fast"
/usr/bin/gmake -f CMakeFiles/cmTryCompileExec3217187783.dir/build.make CMakeFiles/cmTryCompileExec3217187783.dir/build
gmake[1]: Entering directory `/home/wentaoy2/Downloads/mp4(1)/mp4/src/CMakeFiles/CMakeTmp'
/usr/bin/cmake -E cmake_progress_report "/home/wentaoy2/Downloads/mp4(1)/mp4/src/CMakeFiles/CMakeTmp/CMakeFiles" 1
Building CXX object CMakeFiles/cmTryCompileExec3217187783.dir/testCXXCompiler.cxx.o
/class/cs426/GCC/bin/g++     -o CMakeFiles/cmTryCompileExec3217187783.dir/testCXXCompiler.cxx.o -c "/home/wentaoy2/Downloads/mp4(1)/mp4/src/CMakeFiles/CMakeTmp/testCXXCompiler.cxx"
Linking CXX executable cmTryCompileExec3217187783
/usr/bin/cmake -E cmake_link_script CMakeFiles/cmTryCompileExec3217187783.dir/link.txt --verbose=1
/class/cs426/GCC/bin/g++        CMakeFiles/cmTryCompileExec3217187783.dir/testCXXCompiler.cxx.o  -o cmTryCompileExec3217187783 -rdynamic 
gmake[1]: Leaving directory `/home/wentaoy2/Downloads/mp4(1)/mp4/src/CMakeFiles/CMakeTmp'


Detecting CXX compiler ABI info compiled with the following output:
Change Dir: /home/wentaoy2/Downloads/mp4(1)/mp4/src/CMakeFiles/CMakeTmp

Run Build Command:/usr/bin/gmake "cmTryCompileExec1174074249/fast"
/usr/bin/gmake -f CMakeFiles/cmTryCompileExec1174074249.dir/build.make CMakeFiles/cmTryCompileExec1174074249.dir/build
gmake[1]: Entering directory `/home/wentaoy2/Downloads/mp4(1)/mp4/src/CMakeFiles/CMakeTmp'
/usr/bin/cmake -E cmake_progress_report "/home/wentaoy2/Downloads/mp4(1)/mp4/src/CMakeFiles/CMakeTmp/CMakeFiles" 1
Building CXX object CMakeFiles/cmTryCompileExec1174074249.dir/CMakeCXXCompilerABI.cpp.o
/class/cs426/GCC/bin/g++     -o CMakeFiles/cmTryCompileExec1174074249.dir/CMakeCXXCompilerABI.cpp.o -c /usr/share/cmake/Modules/CMakeCXXCompilerABI.cpp
Linking CXX executable cmTryCompileExec1174074249
/usr/bin/cmake -E cmake_link_script CMakeFiles/cmTryCompileExec1174074249.dir/link.txt --verbose=1
/class/cs426/GCC/bin/g++      -v CMakeFiles/cmTryCompileExec1174074249.dir/CMakeCXXCompilerABI.cpp.o  -o cmTryCompileExec1174074249 -rdynamic  
Using built-in specs.
COLLECT_GCC=/class/cs426/GCC/bin/g++
COLLECT_LTO_WRAPPER=/class/cs426/GCC/libexec/gcc/x86_64-unknown-linux-gnu/5.1.0/lto-wrapper
Target: x86_64-unknown-linux-gnu
Configured with: /home/vadve/cs426/GCC/gcc-5.1.0-build/../gcc-5.1.0/configure --prefix=/class/cs426/GCC --enable-languages=c,c++
Thread model: posix
gcc version 5.1.0 (GCC) 
COMPILER_PATH=/class/cs426/GCC/libexec/gcc/x86_64-unknown-linux-gnu/5.1.0/:/class/cs426/GCC/libexec/gcc/x86_64-unknown-linux-gnu/5.1.0/:/class/cs426/GCC/libexec/gcc/x86_64-unknown-linux-gnu/:/class/cs426/GCC/lib/gcc/x86_64-unknown-linux-gnu/5.1.0/:/class/cs426/GCC/lib/gcc/x86_64-unknown-linux-gnu/
LIBRARY_PATH=/class/cs426/GCC/lib/gcc/x86_64-unknown-linux-gnu/5.1.0/:/class/cs426/GCC/lib/gcc/x86_64-unknown-linux-gnu/5.1.0/../../../../lib64/:/lib/../lib64/:/usr/lib/../lib64/:/class/cs426/GCC/lib/gcc/x86_64-unknown-linux-gnu/5.1.0/../../../:/lib/:/usr/lib/
COLLECT_GCC_OPTIONS='-v' '-o' 'cmTryCompileExec1174074249' '-rdynamic' '-shared-libgcc' '-mtune=generic' '-march=x86-64'
 /class/cs426/GCC/libexec/gcc/x86_64-unknown-linux-gnu/5.1.0/collect2 -plugin /class/cs426/GCC/libexec/gcc/x86_64-unknown-linux-gnu/5.1.0/liblto_plugin.so -plugin-opt=/class/cs426/GCC/libexec/gcc/x86_64-unknown-linux-gnu/5.1.0/lto-wrapper -plugin-opt=-fresolution=/tmp/ccfEbFyo.res -plugin-opt=-pass-through=-lgcc_s -plugin-opt=-pass-through=-lgcc -plugin-opt=-pass-through=-lc -plugin-opt=-pass-through=-lgcc_s -plugin-opt=-pass-through=-lgcc --eh-frame-hdr -m elf_x86_64 -export-dynamic -dynamic-linker /lib64/ld-linux-x86-64.so.2 -o cmTryCompileExec1174074249 /lib/../lib64/crt1.o /lib/../lib64/crti.o /class/cs426/GCC/lib/gcc/x86_64-unknown-linux-gnu/5.1.0/crtbegin.o -L/class/cs426/GCC/lib/gcc/x86_64-unknown-linux-gnu/5.1.0 -L/class/cs426/GCC/lib/gcc/x86_64-unknown-linux-gnu/5.1.0/../../../../lib64 -L/lib/../lib64 -L/usr/lib/../lib64 -L/class/cs426/GCC/lib/gcc/x86_64-unknown-linux-gnu/5.1.0/../../.. CMakeFiles/cmTryCompileExec1174074249.dir/CMakeCXXCompilerABI.cpp.o -lstdc++ -lm -lgcc_s -lgcc -lc -lgcc_s -lgcc /class/cs426/GCC/lib/gcc/x86_64-unknown-linux-gnu/5.1.0/crtend.o /lib/../lib64/crtn.o
gmake[1]: Leaving directory `/home/wentaoy2/Downloads/mp4(1)/mp4/src/CMakeFiles/CMakeTmp'


Parsed CXX implicit link information from above output:
  link line regex: [^( *|.*[/\])(ld|([^/\]+-)?ld|collect2)[^/\]*( |$)]
  ignore line: [Change Dir: /home/wentaoy2/Downloads/mp4(1)/mp4/src/CMakeFiles/CMakeTmp]
  ignore line: []
  ignore line: [Run Build Command:/usr/bin/gmake "cmTryCompileExec1174074249/fast"]
  ignore line: [/usr/bin/gmake -f CMakeFiles/cmTryCompileExec1174074249.dir/build.make CMakeFiles/cmTryCompileExec1174074249.dir/build]
  ignore line: [gmake[1]: Entering directory `/home/wentaoy2/Downloads/mp4(1)/mp4/src/CMakeFiles/CMakeTmp']
  ignore line: [/usr/bin/cmake -E cmake_progress_report "/home/wentaoy2/Downloads/mp4(1)/mp4/src/CMakeFiles/CMakeTmp/CMakeFiles" 1]
  ignore line: [Building CXX object CMakeFiles/cmTryCompileExec1174074249.dir/CMakeCXXCompilerABI.cpp.o]
  ignore line: [/class/cs426/GCC/bin/g++     -o CMakeFiles/cmTryCompileExec1174074249.dir/CMakeCXXCompilerABI.cpp.o -c /usr/share/cmake/Modules/CMakeCXXCompilerABI.cpp]
  ignore line: [Linking CXX executable cmTryCompileExec1174074249]
  ignore line: [/usr/bin/cmake -E cmake_link_script CMakeFiles/cmTryCompileExec1174074249.dir/link.txt --verbose=1]
  ignore line: [/class/cs426/GCC/bin/g++      -v CMakeFiles/cmTryCompileExec1174074249.dir/CMakeCXXCompilerABI.cpp.o  -o cmTryCompileExec1174074249 -rdynamic  ]
  ignore line: [Using built-in specs.]
  ignore line: [COLLECT_GCC=/class/cs426/GCC/bin/g++]
  ignore line: [COLLECT_LTO_WRAPPER=/class/cs426/GCC/libexec/gcc/x86_64-unknown-linux-gnu/5.1.0/lto-wrapper]
  ignore line: [Target: x86_64-unknown-linux-gnu]
  ignore line: [Configured with: /home/vadve/cs426/GCC/gcc-5.1.0-build/../gcc-5.1.0/configure --prefix=/class/cs426/GCC --enable-languages=c,c++]
  ignore line: [Thread model: posix]
  ignore line: [gcc version 5.1.0 (GCC) ]
  ignore line: [COMPILER_PATH=/class/cs426/GCC/libexec/gcc/x86_64-unknown-linux-gnu/5.1.0/:/class/cs426/GCC/libexec/gcc/x86_64-unknown-linux-gnu/5.1.0/:/class/cs426/GCC/libexec/gcc/x86_64-unknown-linux-gnu/:/class/cs426/GCC/lib/gcc/x86_64-unknown-linux-gnu/5.1.0/:/class/cs426/GCC/lib/gcc/x86_64-unknown-linux-gnu/]
  ignore line: [LIBRARY_PATH=/class/cs426/GCC/lib/gcc/x86_64-unknown-linux-gnu/5.1.0/:/class/cs426/GCC/lib/gcc/x86_64-unknown-linux-gnu/5.1.0/../../../../lib64/:/lib/../lib64/:/usr/lib/../lib64/:/class/cs426/GCC/lib/gcc/x86_64-unknown-linux-gnu/5.1.0/../../../:/lib/:/usr/lib/]
  ignore line: [COLLECT_GCC_OPTIONS='-v' '-o' 'cmTryCompileExec1174074249' '-rdynamic' '-shared-libgcc' '-mtune=generic' '-march=x86-64']
  link line: [ /class/cs426/GCC/libexec/gcc/x86_64-unknown-linux-gnu/5.1.0/collect2 -plugin /class/cs426/GCC/libexec/gcc/x86_64-unknown-linux-gnu/5.1.0/liblto_plugin.so -plugin-opt=/class/cs426/GCC/libexec/gcc/x86_64-unknown-linux-gnu/5.1.0/lto-wrapper -plugin-opt=-fresolution=/tmp/ccfEbFyo.res -plugin-opt=-pass-through=-lgcc_s -plugin-opt=-pass-through=-lgcc -plugin-opt=-pass-through=-lc -plugin-opt=-pass-through=-lgcc_s -plugin-opt=-pass-through=-lgcc --eh-frame-hdr -m elf_x86_64 -export-dynamic -dynamic-linker /lib64/ld-linux-x86-64.so.2 -o cmTryCompileExec1174074249 /lib/../lib64/crt1.o /lib/../lib64/crti.o /class/cs426/GCC/lib/gcc/x86_64-unknown-linux-gnu/5.1.0/crtbegin.o -L/class/cs426/GCC/lib/gcc/x86_64-unknown-linux-gnu/5.1.0 -L/class/cs426/GCC/lib/gcc/x86_64-unknown-linux-gnu/5.1.0/../../../../lib64 -L/lib/../lib64 -L/usr/lib/../lib64 -L/class/cs426/GCC/lib/gcc/x86_64-unknown-linux-gnu/5.1.0/../../.. CMakeFiles/cmTryCompileExec1174074249.dir/CMakeCXXCompilerABI.cpp.o -lstdc++ -lm -lgcc_s -lgcc -lc -lgcc_s -lgcc /class/cs426/GCC/lib/gcc/x86_64-unknown-linux-gnu/5.1.0/crtend.o /lib/../lib64/crtn.o]
    arg [/class/cs426/GCC/libexec/gcc/x86_64-unknown-linux-gnu/5.1.0/collect2] ==> ignore
    arg [-plugin] ==> ignore
    arg [/class/cs426/GCC/libexec/gcc/x86_64-unknown-linux-gnu/5.1.0/liblto_plugin.so] ==> ignore
    arg [-plugin-opt=/class/cs426/GCC/libexec/gcc/x86_64-unknown-linux-gnu/5.1.0/lto-wrapper] ==> ignore
    arg [-plugin-opt=-fresolution=/tmp/ccfEbFyo.res] ==> ignore
    arg [-plugin-opt=-pass-through=-lgcc_s] ==> ignore
    arg [-plugin-opt=-pass-through=-lgcc] ==> ignore
    arg [-plugin-opt=-pass-through=-lc] ==> ignore
    arg [-plugin-opt=-pass-through=-lgcc_s] ==> ignore
    arg [-plugin-opt=-pass-through=-lgcc] ==> ignore
    arg [--eh-frame-hdr] ==> ignore
    arg [-m] ==> ignore
    arg [elf_x86_64] ==> ignore
    arg [-export-dynamic] ==> ignore
    arg [-dynamic-linker] ==> ignore
    arg [/lib64/ld-linux-x86-64.so.2] ==> ignore
    arg [-o] ==> ignore
    arg [cmTryCompileExec1174074249] ==> ignore
    arg [/lib/../lib64/crt1.o] ==> ignore
    arg [/lib/../lib64/crti.o] ==> ignore
    arg [/class/cs426/GCC/lib/gcc/x86_64-unknown-linux-gnu/5.1.0/crtbegin.o] ==> ignore
    arg [-L/class/cs426/GCC/lib/gcc/x86_64-unknown-linux-gnu/5.1.0] ==> dir [/class/cs426/GCC/lib/gcc/x86_64-unknown-linux-gnu/5.1.0]
    arg [-L/class/cs426/GCC/lib/gcc/x86_64-unknown-linux-gnu/5.1.0/../../../../lib64] ==> dir [/class/cs426/GCC/lib/gcc/x86_64-unknown-linux-gnu/5.1.0/../../../../lib64]
    arg [-L/lib/../lib64] ==> dir [/lib/../lib64]
    arg [-L/usr/lib/../lib64] ==> dir [/usr/lib/../lib64]
    arg [-L/class/cs426/GCC/lib/gcc/x86_64-unknown-linux-gnu/5.1.0/../../..] ==> dir [/class/cs426/GCC/lib/gcc/x86_64-unknown-linux-gnu/5.1.0/../../..]
    arg [CMakeFiles/cmTryCompileExec1174074249.dir/CMakeCXXCompilerABI.cpp.o] ==> ignore
    arg [-lstdc++] ==> lib [stdc++]
    arg [-lm] ==> lib [m]
    arg [-lgcc_s] ==> lib [gcc_s]
    arg [-lgcc] ==> lib [gcc]
    arg [-lc] ==> lib [c]
    arg [-lgcc_s] ==> lib [gcc_s]
    arg [-lgcc] ==> lib [gcc]
    arg [/class/cs426/GCC/lib/gcc/x86_64-unknown-linux-gnu/5.1.0/crtend.o] ==> ignore
    arg [/lib/../lib64/crtn.o] ==> ignore
  remove lib [gcc_s]
  remove lib [gcc]
  remove lib [gcc_s]
  remove lib [gcc]
  collapse library dir [/class/cs426/GCC/lib/gcc/x86_64-unknown-linux-gnu/5.1.0] ==> [/class/cs426/GCC/lib/gcc/x86_64-unknown-linux-gnu/5.1.0]
  collapse library dir [/class/cs426/GCC/lib/gcc/x86_64-unknown-linux-gnu/5.1.0/../../../../lib64] ==> [/class/cs426/GCC/lib64]
  collapse library dir [/lib/../lib64] ==> [/lib64]
  collapse library dir [/usr/lib/../lib64] ==> [/usr/lib64]
  collapse library dir [/class/cs426/GCC/lib/gcc/x86_64-unknown-linux-gnu/5.1.0/../../..] ==> [/class/cs426/GCC/lib]
  implicit libs: [stdc++;m;c]
  implicit dirs: [/class/cs426/GCC/lib/gcc/x86_64-unknown-linux-gnu/5.1.0;/class/cs426/GCC/lib64;/lib64;/usr/lib64;/class/cs426/GCC/lib]
  implicit fwks: []


